#
# A fatal error has been detected by the Java Runtime Environment:
#
#  Internal Error (classFileParser.cpp:3470), pid=11865, tid=3062856512
#  Error: ShouldNotReachHere()
#
# JRE version: 7.0_01-b08
# Java VM: Java HotSpot(TM) Server VM (21.1-b02 mixed mode linux-x86 )
# Failed to write core dump. Core dumps have been disabled. To enable core dumping, try "ulimit -c unlimited" before starting Java again
#
# If you would like to submit a bug report, please visit:
#   http://bugreport.sun.com/bugreport/crash.jsp
#

---------------  T H R E A D  ---------------

Current thread (0xb6705000):  JavaThread "Unknown thread" [_thread_in_vm, id=11867, stack(0xb68a7000,0xb68f8000)]

Stack: [0xb68a7000,0xb68f8000],  sp=0xb68f68c0,  free space=318k
Native frames: (J=compiled Java code, j=interpreted, Vv=VM code, C=native code)
V  [libjvm.so+0x6dc989]  VMError::report_and_die()+0x199
V  [libjvm.so+0x2cf82f]  report_should_not_reach_here(char const*, int)+0x3f
V  [libjvm.so+0x25a9e1]  ClassFileParser::parseClassFile(Symbol*, Handle, Handle, KlassHandle, GrowableArray<Handle>*, TempNewSymbol&, bool, Thread*)+0x14a1
V  [libjvm.so+0x25e107]  ClassLoader::load_classfile(Symbol*, Thread*)+0x247
V  [libjvm.so+0x673004]  SystemDictionary::load_instance_class(Symbol*, Handle, Thread*)+0x404
V  [libjvm.so+0x673766]  SystemDictionary::resolve_instance_class_or_null(Symbol*, Handle, Handle, Thread*)+0x6d6
V  [libjvm.so+0x67405e]  SystemDictionary::initialize_wk_klasses_until(SystemDictionary::WKID, SystemDictionary::WKID&, Thread*)+0x12e
V  [libjvm.so+0x674321]  SystemDictionary::initialize_preloaded_classes(Thread*)+0x261
V  [libjvm.so+0x6b9c18]  Universe::genesis(Thread*)+0x3f8
V  [libjvm.so+0x6ba08f]  universe2_init()+0x1f
V  [libjvm.so+0x3b2388]  init_globals()+0x98
V  [libjvm.so+0x6a3399]  Threads::create_vm(JavaVMInitArgs*, bool*)+0x1f9
V  [libjvm.so+0x3eeb3c]  JNI_CreateJavaVM+0x5c
C  [libjli.so+0x28dc]  JavaMain+0x9c
C  [libpthread.so.0+0x6d4c]  start_thread+0xcc


---------------  P R O C E S S  ---------------

Java Threads: ( => current thread )

Other Threads:

=>0xb6705000 (exited) JavaThread "Unknown thread" [_thread_in_vm, id=11867, stack(0xb68a7000,0xb68f8000)]

VM state:not at safepoint (not fully initialized)

VM Mutex/Monitor currently owned by a thread: None

Dynamic libraries:
08048000-08049000 r-xp 00000000 08:08 160306     /usr/local/jdk/bin/java
08049000-0804a000 rw-p 00000000 08:08 160306     /usr/local/jdk/bin/java
0827d000-0829e000 rw-p 00000000 00:00 0          [heap]
6ff00000-6ff21000 rw-p 00000000 00:00 0 
6ff21000-70000000 ---p 00000000 00:00 0 
7007f000-70080000 ---p 00000000 00:00 0 
70080000-70100000 rw-p 00000000 00:00 0 
70100000-70121000 rw-p 00000000 00:00 0 
70121000-70200000 ---p 00000000 00:00 0 
7020d000-70256000 r--s 002cf000 08:09 1710288    /home/tomek/Inne/android-sdk-linux/platforms/android-4/android.jar
70256000-70257000 ---p 00000000 00:00 0 
70257000-702ec000 rw-p 00000000 00:00 0 
702ec000-70427000 rw-p 00000000 00:00 0 
70427000-7042f000 rw-p 00000000 00:00 0 
7042f000-70447000 rw-p 00000000 00:00 0 
70447000-7045c000 rw-p 00000000 00:00 0 
7045c000-70597000 rw-p 00000000 00:00 0 
70597000-705a2000 rw-p 00000000 00:00 0 
705a2000-7063f000 rw-p 00000000 00:00 0 
7063f000-71640000 rw-p 00000000 00:00 0 
71640000-74640000 rw-p 00000000 00:00 0 
74640000-77040000 rw-p 00000000 00:00 0 
77040000-9e640000 rw-p 00000000 00:00 0 
9e640000-9fb30000 rw-p 00000000 00:00 0 
9fb30000-b3640000 rw-p 00000000 00:00 0 
b3640000-b3649000 rw-p 00000000 00:00 0 
b3649000-b3700000 rw-p 00000000 00:00 0 
b3700000-b3940000 rwxp 00000000 00:00 0 
b3940000-b676b000 rw-p 00000000 00:00 0 
b676b000-b6800000 ---p 00000000 00:00 0 
b6805000-b680d000 rw-p 00000000 00:00 0 
b680d000-b6825000 rw-p 00000000 00:00 0 
b6825000-b6830000 r-xp 00000000 08:08 524654     /lib/i386-linux-gnu/libnss_files-2.15.so
b6830000-b6831000 r--p 0000a000 08:08 524654     /lib/i386-linux-gnu/libnss_files-2.15.so
b6831000-b6832000 rw-p 0000b000 08:08 524654     /lib/i386-linux-gnu/libnss_files-2.15.so
b6832000-b683c000 r-xp 00000000 08:08 524656     /lib/i386-linux-gnu/libnss_nis-2.15.so
b683c000-b683d000 r--p 00009000 08:08 524656     /lib/i386-linux-gnu/libnss_nis-2.15.so
b683d000-b683e000 rw-p 0000a000 08:08 524656     /lib/i386-linux-gnu/libnss_nis-2.15.so
b683e000-b6854000 r-xp 00000000 08:08 524651     /lib/i386-linux-gnu/libnsl-2.15.so
b6854000-b6855000 r--p 00015000 08:08 524651     /lib/i386-linux-gnu/libnsl-2.15.so
b6855000-b6856000 rw-p 00016000 08:08 524651     /lib/i386-linux-gnu/libnsl-2.15.so
b6856000-b6858000 rw-p 00000000 00:00 0 
b6858000-b685f000 r-xp 00000000 08:08 524652     /lib/i386-linux-gnu/libnss_compat-2.15.so
b685f000-b6860000 r--p 00006000 08:08 524652     /lib/i386-linux-gnu/libnss_compat-2.15.so
b6860000-b6861000 rw-p 00007000 08:08 524652     /lib/i386-linux-gnu/libnss_compat-2.15.so
b6862000-b6879000 r-xp 00000000 08:08 161276     /usr/local/jdk/jre/lib/i386/libzip.so
b6879000-b687a000 rw-p 00017000 08:08 161276     /usr/local/jdk/jre/lib/i386/libzip.so
b687a000-b689d000 r-xp 00000000 08:08 161246     /usr/local/jdk/jre/lib/i386/libjava.so
b689d000-b689e000 rw-p 00022000 08:08 161246     /usr/local/jdk/jre/lib/i386/libjava.so
b689e000-b68a5000 r-xp 00000000 08:08 527939     /lib/i386-linux-gnu/librt-2.15.so
b68a5000-b68a6000 r--p 00006000 08:08 527939     /lib/i386-linux-gnu/librt-2.15.so
b68a6000-b68a7000 rw-p 00007000 08:08 527939     /lib/i386-linux-gnu/librt-2.15.so
b68a7000-b68aa000 ---p 00000000 00:00 0 
b68aa000-b68f8000 rw-p 00000000 00:00 0 
b68f8000-b6922000 r-xp 00000000 08:08 524649     /lib/i386-linux-gnu/libm-2.15.so
b6922000-b6923000 r--p 00029000 08:08 524649     /lib/i386-linux-gnu/libm-2.15.so
b6923000-b6924000 rw-p 0002a000 08:08 524649     /lib/i386-linux-gnu/libm-2.15.so
b6924000-b7088000 r-xp 00000000 08:08 161275     /usr/local/jdk/jre/lib/i386/server/libjvm.so
b7088000-b70d3000 rw-p 00763000 08:08 161275     /usr/local/jdk/jre/lib/i386/server/libjvm.so
b70d3000-b74f3000 rw-p 00000000 00:00 0 
b74f3000-b7692000 r-xp 00000000 08:08 524645     /lib/i386-linux-gnu/libc-2.15.so
b7692000-b7694000 r--p 0019f000 08:08 524645     /lib/i386-linux-gnu/libc-2.15.so
b7694000-b7695000 rw-p 001a1000 08:08 524645     /lib/i386-linux-gnu/libc-2.15.so
b7695000-b7698000 rw-p 00000000 00:00 0 
b7698000-b769b000 r-xp 00000000 08:08 524648     /lib/i386-linux-gnu/libdl-2.15.so
b769b000-b769c000 r--p 00002000 08:08 524648     /lib/i386-linux-gnu/libdl-2.15.so
b769c000-b769d000 rw-p 00003000 08:08 524648     /lib/i386-linux-gnu/libdl-2.15.so
b769d000-b769e000 rw-p 00000000 00:00 0 
b769e000-b76b1000 r-xp 00000000 08:08 161250     /usr/local/jdk/jre/lib/i386/jli/libjli.so
b76b1000-b76b2000 rw-p 00012000 08:08 161250     /usr/local/jdk/jre/lib/i386/jli/libjli.so
b76b2000-b76c9000 r-xp 00000000 08:08 524659     /lib/i386-linux-gnu/libpthread-2.15.so
b76c9000-b76ca000 r--p 00016000 08:08 524659     /lib/i386-linux-gnu/libpthread-2.15.so
b76ca000-b76cb000 rw-p 00017000 08:08 524659     /lib/i386-linux-gnu/libpthread-2.15.so
b76cb000-b76cd000 rw-p 00000000 00:00 0 
b76cf000-b76d7000 rw-s 00000000 08:08 132244     /tmp/hsperfdata_tomek/11865
b76d7000-b76d8000 rw-p 00000000 00:00 0 
b76d8000-b76d9000 r--p 00000000 00:00 0 
b76d9000-b76e5000 r-xp 00000000 08:08 161229     /usr/local/jdk/jre/lib/i386/libverify.so
b76e5000-b76e6000 rw-p 0000c000 08:08 161229     /usr/local/jdk/jre/lib/i386/libverify.so
b76e6000-b76e8000 rw-p 00000000 00:00 0 
b76e8000-b76e9000 r-xp 00000000 00:00 0          [vdso]
b76e9000-b7709000 r-xp 00000000 08:08 524642     /lib/i386-linux-gnu/ld-2.15.so
b7709000-b770a000 r--p 0001f000 08:08 524642     /lib/i386-linux-gnu/ld-2.15.so
b770a000-b770b000 rw-p 00020000 08:08 524642     /lib/i386-linux-gnu/ld-2.15.so
bf9e9000-bfa0a000 rw-p 00000000 00:00 0          [stack]

VM Arguments:
jvm_args: -Dfile.encoding=UTF-8 -Xbootclasspath:/home/tomek/Inne/android-sdk-linux/platforms/android-4/android.jar:/home/tomek/Inne/android-sdk-linux/add-ons/addon-google_apis-google-4/libs/maps.jar 
java_command: org.me.freenetdroid.test.ClientTest
Launcher Type: SUN_STANDARD

Environment Variables:
PATH=/usr/lib/lightdm/lightdm:/usr/local/sbin:/usr/local/bin:/usr/sbin:/usr/bin:/sbin:/bin:/usr/games
SHELL=/bin/bash
DISPLAY=:0.0

Signal Handlers:
SIGSEGV: [libjvm.so+0x6dd4d0], sa_mask[0]=0x7ffbfeff, sa_flags=0x10000004
SIGBUS: [libjvm.so+0x6dd4d0], sa_mask[0]=0x7ffbfeff, sa_flags=0x10000004
SIGFPE: [libjvm.so+0x59dae0], sa_mask[0]=0x7ffbfeff, sa_flags=0x10000004
SIGPIPE: [libjvm.so+0x59dae0], sa_mask[0]=0x7ffbfeff, sa_flags=0x10000004
SIGXFSZ: [libjvm.so+0x59dae0], sa_mask[0]=0x7ffbfeff, sa_flags=0x10000004
SIGILL: [libjvm.so+0x59dae0], sa_mask[0]=0x7ffbfeff, sa_flags=0x10000004
SIGUSR1: SIG_DFL, sa_mask[0]=0x00000000, sa_flags=0x00000000
SIGUSR2: [libjvm.so+0x59d3e0], sa_mask[0]=0x00000004, sa_flags=0x10000004
SIGHUP: SIG_DFL, sa_mask[0]=0x00000000, sa_flags=0x00000000
SIGINT: SIG_DFL, sa_mask[0]=0x00000000, sa_flags=0x00000000
SIGTERM: SIG_DFL, sa_mask[0]=0x00000000, sa_flags=0x00000000
SIGQUIT: SIG_DFL, sa_mask[0]=0x00000000, sa_flags=0x00000000


---------------  S Y S T E M  ---------------

OS:wheezy/sid

uname:Linux 3.2.0-24-generic-pae #37-Ubuntu SMP Wed Apr 25 10:47:59 UTC 2012 i686
libc:glibc 2.15 NPTL 2.15 
rlimit: STACK 8192k, CORE 0k, NPROC 32102, NOFILE 4096, AS infinity
load average:1.19 1.12 1.15

/proc/meminfo:
MemTotal:        4123596 kB
MemFree:          513228 kB
Buffers:          650980 kB
Cached:          1399204 kB
SwapCached:            0 kB
Active:          2108320 kB
Inactive:        1355328 kB
Active(anon):    1389568 kB
Inactive(anon):    40456 kB
Active(file):     718752 kB
Inactive(file):  1314872 kB
Unevictable:           0 kB
Mlocked:               0 kB
HighTotal:       3279752 kB
HighFree:         443500 kB
LowTotal:         843844 kB
LowFree:           69728 kB
SwapTotal:       3863596 kB
SwapFree:        3863596 kB
Dirty:               156 kB
Writeback:             0 kB
AnonPages:       1413336 kB
Mapped:           234340 kB
Shmem:             16560 kB
Slab:              87084 kB
SReclaimable:      66332 kB
SUnreclaim:        20752 kB
KernelStack:        4136 kB
PageTables:        11268 kB
NFS_Unstable:          0 kB
Bounce:                0 kB
WritebackTmp:          0 kB
CommitLimit:     5925392 kB
Committed_AS:    4351464 kB
VmallocTotal:     122880 kB
VmallocUsed:       52084 kB
VmallocChunk:      59388 kB
HardwareCorrupted:     0 kB
AnonHugePages:         0 kB
HugePages_Total:       0
HugePages_Free:        0
HugePages_Rsvd:        0
HugePages_Surp:        0
Hugepagesize:       2048 kB
DirectMap4k:      223224 kB
DirectMap2M:      690176 kB


CPU:total 2 (2 cores per cpu, 1 threads per core) family 6 model 23 stepping 10, cmov, cx8, fxsr, mmx, sse, sse2, sse3, ssse3, sse4.1

/proc/cpuinfo:
processor	: 0
vendor_id	: GenuineIntel
cpu family	: 6
model		: 23
model name	: Intel(R) Core(TM)2 Duo CPU     E8400  @ 3.00GHz
stepping	: 10
microcode	: 0xa07
cpu MHz		: 2000.000
cache size	: 6144 KB
physical id	: 0
siblings	: 2
core id		: 0
cpu cores	: 2
apicid		: 0
initial apicid	: 0
fdiv_bug	: no
hlt_bug		: no
f00f_bug	: no
coma_bug	: no
fpu		: yes
fpu_exception	: yes
cpuid level	: 13
wp		: yes
flags		: fpu vme de pse tsc msr pae mce cx8 apic sep mtrr pge mca cmov pat pse36 clflush dts acpi mmx fxsr sse sse2 ss ht tm pbe nx lm constant_tsc arch_perfmon pebs bts aperfmperf pni dtes64 monitor ds_cpl vmx smx est tm2 ssse3 cx16 xtpr pdcm sse4_1 xsave lahf_lm dts tpr_shadow vnmi flexpriority
bogomips	: 5999.11
clflush size	: 64
cache_alignment	: 64
address sizes	: 36 bits physical, 48 bits virtual
power management:

processor	: 1
vendor_id	: GenuineIntel
cpu family	: 6
model		: 23
model name	: Intel(R) Core(TM)2 Duo CPU     E8400  @ 3.00GHz
stepping	: 10
microcode	: 0xa07
cpu MHz		: 2000.000
cache size	: 6144 KB
physical id	: 0
siblings	: 2
core id		: 1
cpu cores	: 2
apicid		: 1
initial apicid	: 1
fdiv_bug	: no
hlt_bug		: no
f00f_bug	: no
coma_bug	: no
fpu		: yes
fpu_exception	: yes
cpuid level	: 13
wp		: yes
flags		: fpu vme de pse tsc msr pae mce cx8 apic sep mtrr pge mca cmov pat pse36 clflush dts acpi mmx fxsr sse sse2 ss ht tm pbe nx lm constant_tsc arch_perfmon pebs bts aperfmperf pni dtes64 monitor ds_cpl vmx smx est tm2 ssse3 cx16 xtpr pdcm sse4_1 xsave lahf_lm dts tpr_shadow vnmi flexpriority
bogomips	: 5999.22
clflush size	: 64
cache_alignment	: 64
address sizes	: 36 bits physical, 48 bits virtual
power management:



Memory: 4k page, physical 4123596k(513228k free), swap 3863596k(3863596k free)

vm_info: Java HotSpot(TM) Server VM (21.1-b02) for linux-x86 JRE (1.7.0_01-b08), built on Oct  3 2011 01:17:58 by "java_re" with gcc 4.3.0 20080428 (Red Hat 4.3.0-8)

time: Tue May 15 21:52:13 2012
elapsed time: 0 seconds

