#
# A fatal error has been detected by the Java Runtime Environment:
#
#  Internal Error (classFileParser.cpp:3470), pid=11377, tid=3063110464
#  Error: ShouldNotReachHere()
#
# JRE version: 7.0_01-b08
# Java VM: Java HotSpot(TM) Server VM (21.1-b02 mixed mode linux-x86 )
# Failed to write core dump. Core dumps have been disabled. To enable core dumping, try "ulimit -c unlimited" before starting Java again
#
# If you would like to submit a bug report, please visit:
#   http://bugreport.sun.com/bugreport/crash.jsp
#

---------------  T H R E A D  ---------------

Current thread (0xb6705000):  JavaThread "Unknown thread" [_thread_in_vm, id=11379, stack(0xb68e5000,0xb6936000)]

Stack: [0xb68e5000,0xb6936000],  sp=0xb69348c0,  free space=318k
Native frames: (J=compiled Java code, j=interpreted, Vv=VM code, C=native code)
V  [libjvm.so+0x6dc989]  VMError::report_and_die()+0x199
V  [libjvm.so+0x2cf82f]  report_should_not_reach_here(char const*, int)+0x3f
V  [libjvm.so+0x25a9e1]  ClassFileParser::parseClassFile(Symbol*, Handle, Handle, KlassHandle, GrowableArray<Handle>*, TempNewSymbol&, bool, Thread*)+0x14a1
V  [libjvm.so+0x25e107]  ClassLoader::load_classfile(Symbol*, Thread*)+0x247
V  [libjvm.so+0x673004]  SystemDictionary::load_instance_class(Symbol*, Handle, Thread*)+0x404
V  [libjvm.so+0x673766]  SystemDictionary::resolve_instance_class_or_null(Symbol*, Handle, Handle, Thread*)+0x6d6
V  [libjvm.so+0x67405e]  SystemDictionary::initialize_wk_klasses_until(SystemDictionary::WKID, SystemDictionary::WKID&, Thread*)+0x12e
V  [libjvm.so+0x674321]  SystemDictionary::initialize_preloaded_classes(Thread*)+0x261
V  [libjvm.so+0x6b9c18]  Universe::genesis(Thread*)+0x3f8
V  [libjvm.so+0x6ba08f]  universe2_init()+0x1f
V  [libjvm.so+0x3b2388]  init_globals()+0x98
V  [libjvm.so+0x6a3399]  Threads::create_vm(JavaVMInitArgs*, bool*)+0x1f9
V  [libjvm.so+0x3eeb3c]  JNI_CreateJavaVM+0x5c
C  [libjli.so+0x28dc]  JavaMain+0x9c
C  [libpthread.so.0+0x6d4c]  start_thread+0xcc


---------------  P R O C E S S  ---------------

Java Threads: ( => current thread )

Other Threads:

=>0xb6705000 (exited) JavaThread "Unknown thread" [_thread_in_vm, id=11379, stack(0xb68e5000,0xb6936000)]

VM state:not at safepoint (not fully initialized)

VM Mutex/Monitor currently owned by a thread: None

Dynamic libraries:
08048000-08049000 r-xp 00000000 08:08 160306     /usr/local/jdk/bin/java
08049000-0804a000 rw-p 00000000 08:08 160306     /usr/local/jdk/bin/java
09dcd000-09dee000 rw-p 00000000 00:00 0          [heap]
6ff00000-6ff21000 rw-p 00000000 00:00 0 
6ff21000-70000000 ---p 00000000 00:00 0 
7007f000-70080000 ---p 00000000 00:00 0 
70080000-70100000 rw-p 00000000 00:00 0 
70100000-70121000 rw-p 00000000 00:00 0 
70121000-70200000 ---p 00000000 00:00 0 
7020d000-70256000 r--s 002cf000 08:09 1710288    /home/tomek/Inne/android-sdk-linux/platforms/android-4/android.jar
70256000-70257000 ---p 00000000 00:00 0 
70257000-702ec000 rw-p 00000000 00:00 0 
702ec000-70427000 rw-p 00000000 00:00 0 
70427000-7042f000 rw-p 00000000 00:00 0 
7042f000-70447000 rw-p 00000000 00:00 0 
70447000-7045c000 rw-p 00000000 00:00 0 
7045c000-70597000 rw-p 00000000 00:00 0 
70597000-705a2000 rw-p 00000000 00:00 0 
705a2000-7063f000 rw-p 00000000 00:00 0 
7063f000-71640000 rw-p 00000000 00:00 0 
71640000-74640000 rw-p 00000000 00:00 0 
74640000-77040000 rw-p 00000000 00:00 0 
77040000-9e640000 rw-p 00000000 00:00 0 
9e640000-9fb30000 rw-p 00000000 00:00 0 
9fb30000-b3640000 rw-p 00000000 00:00 0 
b3640000-b3649000 rw-p 00000000 00:00 0 
b3649000-b3700000 rw-p 00000000 00:00 0 
b3700000-b3940000 rwxp 00000000 00:00 0 
b3940000-b676b000 rw-p 00000000 00:00 0 
b676b000-b6800000 ---p 00000000 00:00 0 
b6843000-b684b000 rw-p 00000000 00:00 0 
b684b000-b6863000 rw-p 00000000 00:00 0 
b6863000-b686e000 r-xp 00000000 08:08 524654     /lib/i386-linux-gnu/libnss_files-2.15.so
b686e000-b686f000 r--p 0000a000 08:08 524654     /lib/i386-linux-gnu/libnss_files-2.15.so
b686f000-b6870000 rw-p 0000b000 08:08 524654     /lib/i386-linux-gnu/libnss_files-2.15.so
b6870000-b687a000 r-xp 00000000 08:08 524656     /lib/i386-linux-gnu/libnss_nis-2.15.so
b687a000-b687b000 r--p 00009000 08:08 524656     /lib/i386-linux-gnu/libnss_nis-2.15.so
b687b000-b687c000 rw-p 0000a000 08:08 524656     /lib/i386-linux-gnu/libnss_nis-2.15.so
b687c000-b6892000 r-xp 00000000 08:08 524651     /lib/i386-linux-gnu/libnsl-2.15.so
b6892000-b6893000 r--p 00015000 08:08 524651     /lib/i386-linux-gnu/libnsl-2.15.so
b6893000-b6894000 rw-p 00016000 08:08 524651     /lib/i386-linux-gnu/libnsl-2.15.so
b6894000-b6896000 rw-p 00000000 00:00 0 
b6896000-b689d000 r-xp 00000000 08:08 524652     /lib/i386-linux-gnu/libnss_compat-2.15.so
b689d000-b689e000 r--p 00006000 08:08 524652     /lib/i386-linux-gnu/libnss_compat-2.15.so
b689e000-b689f000 rw-p 00007000 08:08 524652     /lib/i386-linux-gnu/libnss_compat-2.15.so
b68a0000-b68b7000 r-xp 00000000 08:08 161276     /usr/local/jdk/jre/lib/i386/libzip.so
b68b7000-b68b8000 rw-p 00017000 08:08 161276     /usr/local/jdk/jre/lib/i386/libzip.so
b68b8000-b68db000 r-xp 00000000 08:08 161246     /usr/local/jdk/jre/lib/i386/libjava.so
b68db000-b68dc000 rw-p 00022000 08:08 161246     /usr/local/jdk/jre/lib/i386/libjava.so
b68dc000-b68e3000 r-xp 00000000 08:08 527939     /lib/i386-linux-gnu/librt-2.15.so
b68e3000-b68e4000 r--p 00006000 08:08 527939     /lib/i386-linux-gnu/librt-2.15.so
b68e4000-b68e5000 rw-p 00007000 08:08 527939     /lib/i386-linux-gnu/librt-2.15.so
b68e5000-b68e8000 ---p 00000000 00:00 0 
b68e8000-b6936000 rw-p 00000000 00:00 0 
b6936000-b6960000 r-xp 00000000 08:08 524649     /lib/i386-linux-gnu/libm-2.15.so
b6960000-b6961000 r--p 00029000 08:08 524649     /lib/i386-linux-gnu/libm-2.15.so
b6961000-b6962000 rw-p 0002a000 08:08 524649     /lib/i386-linux-gnu/libm-2.15.so
b6962000-b70c6000 r-xp 00000000 08:08 161275     /usr/local/jdk/jre/lib/i386/server/libjvm.so
b70c6000-b7111000 rw-p 00763000 08:08 161275     /usr/local/jdk/jre/lib/i386/server/libjvm.so
b7111000-b7531000 rw-p 00000000 00:00 0 
b7531000-b76d0000 r-xp 00000000 08:08 524645     /lib/i386-linux-gnu/libc-2.15.so
b76d0000-b76d2000 r--p 0019f000 08:08 524645     /lib/i386-linux-gnu/libc-2.15.so
b76d2000-b76d3000 rw-p 001a1000 08:08 524645     /lib/i386-linux-gnu/libc-2.15.so
b76d3000-b76d6000 rw-p 00000000 00:00 0 
b76d6000-b76d9000 r-xp 00000000 08:08 524648     /lib/i386-linux-gnu/libdl-2.15.so
b76d9000-b76da000 r--p 00002000 08:08 524648     /lib/i386-linux-gnu/libdl-2.15.so
b76da000-b76db000 rw-p 00003000 08:08 524648     /lib/i386-linux-gnu/libdl-2.15.so
b76db000-b76dc000 rw-p 00000000 00:00 0 
b76dc000-b76ef000 r-xp 00000000 08:08 161250     /usr/local/jdk/jre/lib/i386/jli/libjli.so
b76ef000-b76f0000 rw-p 00012000 08:08 161250     /usr/local/jdk/jre/lib/i386/jli/libjli.so
b76f0000-b7707000 r-xp 00000000 08:08 524659     /lib/i386-linux-gnu/libpthread-2.15.so
b7707000-b7708000 r--p 00016000 08:08 524659     /lib/i386-linux-gnu/libpthread-2.15.so
b7708000-b7709000 rw-p 00017000 08:08 524659     /lib/i386-linux-gnu/libpthread-2.15.so
b7709000-b770b000 rw-p 00000000 00:00 0 
b770d000-b7715000 rw-s 00000000 08:08 132242     /tmp/hsperfdata_tomek/11377
b7715000-b7716000 rw-p 00000000 00:00 0 
b7716000-b7717000 r--p 00000000 00:00 0 
b7717000-b7723000 r-xp 00000000 08:08 161229     /usr/local/jdk/jre/lib/i386/libverify.so
b7723000-b7724000 rw-p 0000c000 08:08 161229     /usr/local/jdk/jre/lib/i386/libverify.so
b7724000-b7726000 rw-p 00000000 00:00 0 
b7726000-b7727000 r-xp 00000000 00:00 0          [vdso]
b7727000-b7747000 r-xp 00000000 08:08 524642     /lib/i386-linux-gnu/ld-2.15.so
b7747000-b7748000 r--p 0001f000 08:08 524642     /lib/i386-linux-gnu/ld-2.15.so
b7748000-b7749000 rw-p 00020000 08:08 524642     /lib/i386-linux-gnu/ld-2.15.so
bfb79000-bfb9a000 rw-p 00000000 00:00 0          [stack]

VM Arguments:
jvm_args: -Dfile.encoding=UTF-8 -Xbootclasspath:/home/tomek/Inne/android-sdk-linux/platforms/android-4/android.jar:/home/tomek/Inne/android-sdk-linux/add-ons/addon-google_apis-google-4/libs/maps.jar 
java_command: org.me.freenetdroid.server.Main
Launcher Type: SUN_STANDARD

Environment Variables:
PATH=/usr/lib/lightdm/lightdm:/usr/local/sbin:/usr/local/bin:/usr/sbin:/usr/bin:/sbin:/bin:/usr/games
SHELL=/bin/bash
DISPLAY=:0.0

Signal Handlers:
SIGSEGV: [libjvm.so+0x6dd4d0], sa_mask[0]=0x7ffbfeff, sa_flags=0x10000004
SIGBUS: [libjvm.so+0x6dd4d0], sa_mask[0]=0x7ffbfeff, sa_flags=0x10000004
SIGFPE: [libjvm.so+0x59dae0], sa_mask[0]=0x7ffbfeff, sa_flags=0x10000004
SIGPIPE: [libjvm.so+0x59dae0], sa_mask[0]=0x7ffbfeff, sa_flags=0x10000004
SIGXFSZ: [libjvm.so+0x59dae0], sa_mask[0]=0x7ffbfeff, sa_flags=0x10000004
SIGILL: [libjvm.so+0x59dae0], sa_mask[0]=0x7ffbfeff, sa_flags=0x10000004
SIGUSR1: SIG_DFL, sa_mask[0]=0x00000000, sa_flags=0x00000000
SIGUSR2: [libjvm.so+0x59d3e0], sa_mask[0]=0x00000004, sa_flags=0x10000004
SIGHUP: SIG_DFL, sa_mask[0]=0x00000000, sa_flags=0x00000000
SIGINT: SIG_DFL, sa_mask[0]=0x00000000, sa_flags=0x00000000
SIGTERM: SIG_DFL, sa_mask[0]=0x00000000, sa_flags=0x00000000
SIGQUIT: SIG_DFL, sa_mask[0]=0x00000000, sa_flags=0x00000000


---------------  S Y S T E M  ---------------

OS:wheezy/sid

uname:Linux 3.2.0-24-generic-pae #37-Ubuntu SMP Wed Apr 25 10:47:59 UTC 2012 i686
libc:glibc 2.15 NPTL 2.15 
rlimit: STACK 8192k, CORE 0k, NPROC 32102, NOFILE 4096, AS infinity
load average:1.22 1.24 1.22

/proc/meminfo:
MemTotal:        4123596 kB
MemFree:          520400 kB
Buffers:          649988 kB
Cached:          1385364 kB
SwapCached:            0 kB
Active:          2108720 kB
Inactive:        1348036 kB
Active(anon):    1406800 kB
Inactive(anon):    31204 kB
Active(file):     701920 kB
Inactive(file):  1316832 kB
Unevictable:           0 kB
Mlocked:               0 kB
HighTotal:       3279752 kB
HighFree:         449452 kB
LowTotal:         843844 kB
LowFree:           70948 kB
SwapTotal:       3863596 kB
SwapFree:        3863596 kB
Dirty:               284 kB
Writeback:             0 kB
AnonPages:       1421440 kB
Mapped:           229504 kB
Shmem:             16520 kB
Slab:              87092 kB
SReclaimable:      66580 kB
SUnreclaim:        20512 kB
KernelStack:        3968 kB
PageTables:        11024 kB
NFS_Unstable:          0 kB
Bounce:                0 kB
WritebackTmp:          0 kB
CommitLimit:     5925392 kB
Committed_AS:    4256428 kB
VmallocTotal:     122880 kB
VmallocUsed:       52084 kB
VmallocChunk:      59388 kB
HardwareCorrupted:     0 kB
AnonHugePages:         0 kB
HugePages_Total:       0
HugePages_Free:        0
HugePages_Rsvd:        0
HugePages_Surp:        0
Hugepagesize:       2048 kB
DirectMap4k:      194552 kB
DirectMap2M:      718848 kB


CPU:total 2 (2 cores per cpu, 1 threads per core) family 6 model 23 stepping 10, cmov, cx8, fxsr, mmx, sse, sse2, sse3, ssse3, sse4.1

/proc/cpuinfo:
processor	: 0
vendor_id	: GenuineIntel
cpu family	: 6
model		: 23
model name	: Intel(R) Core(TM)2 Duo CPU     E8400  @ 3.00GHz
stepping	: 10
microcode	: 0xa07
cpu MHz		: 3000.000
cache size	: 6144 KB
physical id	: 0
siblings	: 2
core id		: 0
cpu cores	: 2
apicid		: 0
initial apicid	: 0
fdiv_bug	: no
hlt_bug		: no
f00f_bug	: no
coma_bug	: no
fpu		: yes
fpu_exception	: yes
cpuid level	: 13
wp		: yes
flags		: fpu vme de pse tsc msr pae mce cx8 apic sep mtrr pge mca cmov pat pse36 clflush dts acpi mmx fxsr sse sse2 ss ht tm pbe nx lm constant_tsc arch_perfmon pebs bts aperfmperf pni dtes64 monitor ds_cpl vmx smx est tm2 ssse3 cx16 xtpr pdcm sse4_1 xsave lahf_lm dts tpr_shadow vnmi flexpriority
bogomips	: 5999.11
clflush size	: 64
cache_alignment	: 64
address sizes	: 36 bits physical, 48 bits virtual
power management:

processor	: 1
vendor_id	: GenuineIntel
cpu family	: 6
model		: 23
model name	: Intel(R) Core(TM)2 Duo CPU     E8400  @ 3.00GHz
stepping	: 10
microcode	: 0xa07
cpu MHz		: 3000.000
cache size	: 6144 KB
physical id	: 0
siblings	: 2
core id		: 1
cpu cores	: 2
apicid		: 1
initial apicid	: 1
fdiv_bug	: no
hlt_bug		: no
f00f_bug	: no
coma_bug	: no
fpu		: yes
fpu_exception	: yes
cpuid level	: 13
wp		: yes
flags		: fpu vme de pse tsc msr pae mce cx8 apic sep mtrr pge mca cmov pat pse36 clflush dts acpi mmx fxsr sse sse2 ss ht tm pbe nx lm constant_tsc arch_perfmon pebs bts aperfmperf pni dtes64 monitor ds_cpl vmx smx est tm2 ssse3 cx16 xtpr pdcm sse4_1 xsave lahf_lm dts tpr_shadow vnmi flexpriority
bogomips	: 5999.22
clflush size	: 64
cache_alignment	: 64
address sizes	: 36 bits physical, 48 bits virtual
power management:



Memory: 4k page, physical 4123596k(520400k free), swap 3863596k(3863596k free)

vm_info: Java HotSpot(TM) Server VM (21.1-b02) for linux-x86 JRE (1.7.0_01-b08), built on Oct  3 2011 01:17:58 by "java_re" with gcc 4.3.0 20080428 (Red Hat 4.3.0-8)

time: Tue May 15 21:39:13 2012
elapsed time: 0 seconds

