#
# A fatal error has been detected by the Java Runtime Environment:
#
#  Internal Error (classFileParser.cpp:3470), pid=11456, tid=3063356224
#  Error: ShouldNotReachHere()
#
# JRE version: 7.0_01-b08
# Java VM: Java HotSpot(TM) Server VM (21.1-b02 mixed mode linux-x86 )
# Failed to write core dump. Core dumps have been disabled. To enable core dumping, try "ulimit -c unlimited" before starting Java again
#
# If you would like to submit a bug report, please visit:
#   http://bugreport.sun.com/bugreport/crash.jsp
#

---------------  T H R E A D  ---------------

Current thread (0xb6805000):  JavaThread "Unknown thread" [_thread_in_vm, id=11458, stack(0xb6921000,0xb6972000)]

Stack: [0xb6921000,0xb6972000],  sp=0xb69708c0,  free space=318k
Native frames: (J=compiled Java code, j=interpreted, Vv=VM code, C=native code)
V  [libjvm.so+0x6dc989]  VMError::report_and_die()+0x199
V  [libjvm.so+0x2cf82f]  report_should_not_reach_here(char const*, int)+0x3f
V  [libjvm.so+0x25a9e1]  ClassFileParser::parseClassFile(Symbol*, Handle, Handle, KlassHandle, GrowableArray<Handle>*, TempNewSymbol&, bool, Thread*)+0x14a1
V  [libjvm.so+0x25e107]  ClassLoader::load_classfile(Symbol*, Thread*)+0x247
V  [libjvm.so+0x673004]  SystemDictionary::load_instance_class(Symbol*, Handle, Thread*)+0x404
V  [libjvm.so+0x673766]  SystemDictionary::resolve_instance_class_or_null(Symbol*, Handle, Handle, Thread*)+0x6d6
V  [libjvm.so+0x67405e]  SystemDictionary::initialize_wk_klasses_until(SystemDictionary::WKID, SystemDictionary::WKID&, Thread*)+0x12e
V  [libjvm.so+0x674321]  SystemDictionary::initialize_preloaded_classes(Thread*)+0x261
V  [libjvm.so+0x6b9c18]  Universe::genesis(Thread*)+0x3f8
V  [libjvm.so+0x6ba08f]  universe2_init()+0x1f
V  [libjvm.so+0x3b2388]  init_globals()+0x98
V  [libjvm.so+0x6a3399]  Threads::create_vm(JavaVMInitArgs*, bool*)+0x1f9
V  [libjvm.so+0x3eeb3c]  JNI_CreateJavaVM+0x5c
C  [libjli.so+0x28dc]  JavaMain+0x9c
C  [libpthread.so.0+0x6d4c]  start_thread+0xcc


---------------  P R O C E S S  ---------------

Java Threads: ( => current thread )

Other Threads:

=>0xb6805000 (exited) JavaThread "Unknown thread" [_thread_in_vm, id=11458, stack(0xb6921000,0xb6972000)]

VM state:not at safepoint (not fully initialized)

VM Mutex/Monitor currently owned by a thread: None

Dynamic libraries:
08048000-08049000 r-xp 00000000 08:08 160306     /usr/local/jdk/bin/java
08049000-0804a000 rw-p 00000000 08:08 160306     /usr/local/jdk/bin/java
09cb9000-09cda000 rw-p 00000000 00:00 0          [heap]
6ff00000-6ff21000 rw-p 00000000 00:00 0 
6ff21000-70000000 ---p 00000000 00:00 0 
700b7000-70100000 r--s 002cf000 08:09 1710288    /home/tomek/Inne/android-sdk-linux/platforms/android-4/android.jar
70100000-70121000 rw-p 00000000 00:00 0 
70121000-70200000 ---p 00000000 00:00 0 
70245000-70246000 ---p 00000000 00:00 0 
70246000-702c6000 rw-p 00000000 00:00 0 
702c6000-702c7000 ---p 00000000 00:00 0 
702c7000-7034f000 rw-p 00000000 00:00 0 
7034f000-70367000 rw-p 00000000 00:00 0 
70367000-7037c000 rw-p 00000000 00:00 0 
7037c000-704b7000 rw-p 00000000 00:00 0 
704b7000-704bf000 rw-p 00000000 00:00 0 
704bf000-704d7000 rw-p 00000000 00:00 0 
704d7000-704ec000 rw-p 00000000 00:00 0 
704ec000-70627000 rw-p 00000000 00:00 0 
70627000-70632000 rw-p 00000000 00:00 0 
70632000-706cf000 rw-p 00000000 00:00 0 
706cf000-716d0000 rw-p 00000000 00:00 0 
716d0000-746d0000 rw-p 00000000 00:00 0 
746d0000-770d0000 rw-p 00000000 00:00 0 
770d0000-9e6d0000 rw-p 00000000 00:00 0 
9e6d0000-9fbc0000 rw-p 00000000 00:00 0 
9fbc0000-b36d0000 rw-p 00000000 00:00 0 
b36dc000-b36e5000 rw-p 00000000 00:00 0 
b36e5000-b379c000 rw-p 00000000 00:00 0 
b379c000-b39dc000 rwxp 00000000 00:00 0 
b39dc000-b679c000 rw-p 00000000 00:00 0 
b679c000-b67a7000 r-xp 00000000 08:08 524654     /lib/i386-linux-gnu/libnss_files-2.15.so
b67a7000-b67a8000 r--p 0000a000 08:08 524654     /lib/i386-linux-gnu/libnss_files-2.15.so
b67a8000-b67a9000 rw-p 0000b000 08:08 524654     /lib/i386-linux-gnu/libnss_files-2.15.so
b67a9000-b67bf000 r-xp 00000000 08:08 524651     /lib/i386-linux-gnu/libnsl-2.15.so
b67bf000-b67c0000 r--p 00015000 08:08 524651     /lib/i386-linux-gnu/libnsl-2.15.so
b67c0000-b67c1000 rw-p 00016000 08:08 524651     /lib/i386-linux-gnu/libnsl-2.15.so
b67c1000-b67c3000 rw-p 00000000 00:00 0 
b67c4000-b67db000 r-xp 00000000 08:08 161276     /usr/local/jdk/jre/lib/i386/libzip.so
b67db000-b67dc000 rw-p 00017000 08:08 161276     /usr/local/jdk/jre/lib/i386/libzip.so
b67dc000-b67ff000 r-xp 00000000 08:08 161246     /usr/local/jdk/jre/lib/i386/libjava.so
b67ff000-b6800000 rw-p 00022000 08:08 161246     /usr/local/jdk/jre/lib/i386/libjava.so
b6800000-b686b000 rw-p 00000000 00:00 0 
b686b000-b6900000 ---p 00000000 00:00 0 
b6904000-b690c000 rw-s 00000000 08:08 132242     /tmp/hsperfdata_tomek/11456
b690c000-b6916000 r-xp 00000000 08:08 524656     /lib/i386-linux-gnu/libnss_nis-2.15.so
b6916000-b6917000 r--p 00009000 08:08 524656     /lib/i386-linux-gnu/libnss_nis-2.15.so
b6917000-b6918000 rw-p 0000a000 08:08 524656     /lib/i386-linux-gnu/libnss_nis-2.15.so
b6918000-b691f000 r-xp 00000000 08:08 527939     /lib/i386-linux-gnu/librt-2.15.so
b691f000-b6920000 r--p 00006000 08:08 527939     /lib/i386-linux-gnu/librt-2.15.so
b6920000-b6921000 rw-p 00007000 08:08 527939     /lib/i386-linux-gnu/librt-2.15.so
b6921000-b6924000 ---p 00000000 00:00 0 
b6924000-b6972000 rw-p 00000000 00:00 0 
b6972000-b699c000 r-xp 00000000 08:08 524649     /lib/i386-linux-gnu/libm-2.15.so
b699c000-b699d000 r--p 00029000 08:08 524649     /lib/i386-linux-gnu/libm-2.15.so
b699d000-b699e000 rw-p 0002a000 08:08 524649     /lib/i386-linux-gnu/libm-2.15.so
b699e000-b7102000 r-xp 00000000 08:08 161275     /usr/local/jdk/jre/lib/i386/server/libjvm.so
b7102000-b714d000 rw-p 00763000 08:08 161275     /usr/local/jdk/jre/lib/i386/server/libjvm.so
b714d000-b756d000 rw-p 00000000 00:00 0 
b756d000-b770c000 r-xp 00000000 08:08 524645     /lib/i386-linux-gnu/libc-2.15.so
b770c000-b770e000 r--p 0019f000 08:08 524645     /lib/i386-linux-gnu/libc-2.15.so
b770e000-b770f000 rw-p 001a1000 08:08 524645     /lib/i386-linux-gnu/libc-2.15.so
b770f000-b7712000 rw-p 00000000 00:00 0 
b7712000-b7715000 r-xp 00000000 08:08 524648     /lib/i386-linux-gnu/libdl-2.15.so
b7715000-b7716000 r--p 00002000 08:08 524648     /lib/i386-linux-gnu/libdl-2.15.so
b7716000-b7717000 rw-p 00003000 08:08 524648     /lib/i386-linux-gnu/libdl-2.15.so
b7717000-b7718000 rw-p 00000000 00:00 0 
b7718000-b772b000 r-xp 00000000 08:08 161250     /usr/local/jdk/jre/lib/i386/jli/libjli.so
b772b000-b772c000 rw-p 00012000 08:08 161250     /usr/local/jdk/jre/lib/i386/jli/libjli.so
b772c000-b7743000 r-xp 00000000 08:08 524659     /lib/i386-linux-gnu/libpthread-2.15.so
b7743000-b7744000 r--p 00016000 08:08 524659     /lib/i386-linux-gnu/libpthread-2.15.so
b7744000-b7745000 rw-p 00017000 08:08 524659     /lib/i386-linux-gnu/libpthread-2.15.so
b7745000-b7747000 rw-p 00000000 00:00 0 
b7748000-b774f000 r-xp 00000000 08:08 524652     /lib/i386-linux-gnu/libnss_compat-2.15.so
b774f000-b7750000 r--p 00006000 08:08 524652     /lib/i386-linux-gnu/libnss_compat-2.15.so
b7750000-b7751000 rw-p 00007000 08:08 524652     /lib/i386-linux-gnu/libnss_compat-2.15.so
b7751000-b7752000 rw-p 00000000 00:00 0 
b7752000-b7753000 r--p 00000000 00:00 0 
b7753000-b775f000 r-xp 00000000 08:08 161229     /usr/local/jdk/jre/lib/i386/libverify.so
b775f000-b7760000 rw-p 0000c000 08:08 161229     /usr/local/jdk/jre/lib/i386/libverify.so
b7760000-b7762000 rw-p 00000000 00:00 0 
b7762000-b7763000 r-xp 00000000 00:00 0          [vdso]
b7763000-b7783000 r-xp 00000000 08:08 524642     /lib/i386-linux-gnu/ld-2.15.so
b7783000-b7784000 r--p 0001f000 08:08 524642     /lib/i386-linux-gnu/ld-2.15.so
b7784000-b7785000 rw-p 00020000 08:08 524642     /lib/i386-linux-gnu/ld-2.15.so
bfbe1000-bfc02000 rw-p 00000000 00:00 0          [stack]

VM Arguments:
jvm_args: -Dfile.encoding=UTF-8 -Xbootclasspath:/home/tomek/Inne/android-sdk-linux/platforms/android-4/android.jar:/home/tomek/Inne/android-sdk-linux/add-ons/addon-google_apis-google-4/libs/maps.jar 
java_command: org.me.freenetdroid.server.Main
Launcher Type: SUN_STANDARD

Environment Variables:
PATH=/usr/lib/lightdm/lightdm:/usr/local/sbin:/usr/local/bin:/usr/sbin:/usr/bin:/sbin:/bin:/usr/games
SHELL=/bin/bash
DISPLAY=:0.0

Signal Handlers:
SIGSEGV: [libjvm.so+0x6dd4d0], sa_mask[0]=0x7ffbfeff, sa_flags=0x10000004
SIGBUS: [libjvm.so+0x6dd4d0], sa_mask[0]=0x7ffbfeff, sa_flags=0x10000004
SIGFPE: [libjvm.so+0x59dae0], sa_mask[0]=0x7ffbfeff, sa_flags=0x10000004
SIGPIPE: [libjvm.so+0x59dae0], sa_mask[0]=0x7ffbfeff, sa_flags=0x10000004
SIGXFSZ: [libjvm.so+0x59dae0], sa_mask[0]=0x7ffbfeff, sa_flags=0x10000004
SIGILL: [libjvm.so+0x59dae0], sa_mask[0]=0x7ffbfeff, sa_flags=0x10000004
SIGUSR1: SIG_DFL, sa_mask[0]=0x00000000, sa_flags=0x00000000
SIGUSR2: [libjvm.so+0x59d3e0], sa_mask[0]=0x00000004, sa_flags=0x10000004
SIGHUP: SIG_DFL, sa_mask[0]=0x00000000, sa_flags=0x00000000
SIGINT: SIG_DFL, sa_mask[0]=0x00000000, sa_flags=0x00000000
SIGTERM: SIG_DFL, sa_mask[0]=0x00000000, sa_flags=0x00000000
SIGQUIT: SIG_DFL, sa_mask[0]=0x00000000, sa_flags=0x00000000


---------------  S Y S T E M  ---------------

OS:wheezy/sid

uname:Linux 3.2.0-24-generic-pae #37-Ubuntu SMP Wed Apr 25 10:47:59 UTC 2012 i686
libc:glibc 2.15 NPTL 2.15 
rlimit: STACK 8192k, CORE 0k, NPROC 32102, NOFILE 4096, AS infinity
load average:1.53 1.27 1.23

/proc/meminfo:
MemTotal:        4123596 kB
MemFree:          544176 kB
Buffers:          651996 kB
Cached:          1387560 kB
SwapCached:            0 kB
Active:          2084868 kB
Inactive:        1347824 kB
Active(anon):    1378448 kB
Inactive(anon):    31204 kB
Active(file):     706420 kB
Inactive(file):  1316620 kB
Unevictable:           0 kB
Mlocked:               0 kB
HighTotal:       3279752 kB
HighFree:         475244 kB
LowTotal:         843844 kB
LowFree:           68932 kB
SwapTotal:       3863596 kB
SwapFree:        3863596 kB
Dirty:               540 kB
Writeback:             0 kB
AnonPages:       1393164 kB
Mapped:           229300 kB
Shmem:             16520 kB
Slab:              87100 kB
SReclaimable:      66580 kB
SUnreclaim:        20520 kB
KernelStack:        4000 kB
PageTables:        11048 kB
NFS_Unstable:          0 kB
Bounce:                0 kB
WritebackTmp:          0 kB
CommitLimit:     5925392 kB
Committed_AS:    4258848 kB
VmallocTotal:     122880 kB
VmallocUsed:       52084 kB
VmallocChunk:      59388 kB
HardwareCorrupted:     0 kB
AnonHugePages:         0 kB
HugePages_Total:       0
HugePages_Free:        0
HugePages_Rsvd:        0
HugePages_Surp:        0
Hugepagesize:       2048 kB
DirectMap4k:      194552 kB
DirectMap2M:      718848 kB


CPU:total 2 (2 cores per cpu, 1 threads per core) family 6 model 23 stepping 10, cmov, cx8, fxsr, mmx, sse, sse2, sse3, ssse3, sse4.1

/proc/cpuinfo:
processor	: 0
vendor_id	: GenuineIntel
cpu family	: 6
model		: 23
model name	: Intel(R) Core(TM)2 Duo CPU     E8400  @ 3.00GHz
stepping	: 10
microcode	: 0xa07
cpu MHz		: 2000.000
cache size	: 6144 KB
physical id	: 0
siblings	: 2
core id		: 0
cpu cores	: 2
apicid		: 0
initial apicid	: 0
fdiv_bug	: no
hlt_bug		: no
f00f_bug	: no
coma_bug	: no
fpu		: yes
fpu_exception	: yes
cpuid level	: 13
wp		: yes
flags		: fpu vme de pse tsc msr pae mce cx8 apic sep mtrr pge mca cmov pat pse36 clflush dts acpi mmx fxsr sse sse2 ss ht tm pbe nx lm constant_tsc arch_perfmon pebs bts aperfmperf pni dtes64 monitor ds_cpl vmx smx est tm2 ssse3 cx16 xtpr pdcm sse4_1 xsave lahf_lm dts tpr_shadow vnmi flexpriority
bogomips	: 5999.11
clflush size	: 64
cache_alignment	: 64
address sizes	: 36 bits physical, 48 bits virtual
power management:

processor	: 1
vendor_id	: GenuineIntel
cpu family	: 6
model		: 23
model name	: Intel(R) Core(TM)2 Duo CPU     E8400  @ 3.00GHz
stepping	: 10
microcode	: 0xa07
cpu MHz		: 2000.000
cache size	: 6144 KB
physical id	: 0
siblings	: 2
core id		: 1
cpu cores	: 2
apicid		: 1
initial apicid	: 1
fdiv_bug	: no
hlt_bug		: no
f00f_bug	: no
coma_bug	: no
fpu		: yes
fpu_exception	: yes
cpuid level	: 13
wp		: yes
flags		: fpu vme de pse tsc msr pae mce cx8 apic sep mtrr pge mca cmov pat pse36 clflush dts acpi mmx fxsr sse sse2 ss ht tm pbe nx lm constant_tsc arch_perfmon pebs bts aperfmperf pni dtes64 monitor ds_cpl vmx smx est tm2 ssse3 cx16 xtpr pdcm sse4_1 xsave lahf_lm dts tpr_shadow vnmi flexpriority
bogomips	: 5999.22
clflush size	: 64
cache_alignment	: 64
address sizes	: 36 bits physical, 48 bits virtual
power management:



Memory: 4k page, physical 4123596k(544176k free), swap 3863596k(3863596k free)

vm_info: Java HotSpot(TM) Server VM (21.1-b02) for linux-x86 JRE (1.7.0_01-b08), built on Oct  3 2011 01:17:58 by "java_re" with gcc 4.3.0 20080428 (Red Hat 4.3.0-8)

time: Tue May 15 21:41:07 2012
elapsed time: 0 seconds

